2018-09-23 22:11:17.279 [info] <0.42.0> Application lager started on node nonode@nohost
2018-09-23 22:11:17.283 [info] <0.42.0> Application xmerl started on node nonode@nohost
2018-09-23 22:11:17.285 [info] <0.42.0> Application jsx started on node nonode@nohost
2018-09-23 22:11:17.286 [info] <0.42.0> Application recon started on node nonode@nohost
2018-09-23 22:11:17.287 [info] <0.42.0> Application rabbit_common started on node nonode@nohost
2018-09-23 22:11:17.292 [info] <0.42.0> Application amqp_client started on node nonode@nohost
2018-09-23 22:11:17.292 [info] <0.42.0> Application amqp started on node nonode@nohost
2018-09-23 22:11:17.296 [info] <0.42.0> Application connection started on node nonode@nohost
2018-09-23 22:11:17.303 [info] <0.42.0> Application db_connection started on node nonode@nohost
2018-09-23 22:11:17.305 [info] <0.42.0> Application decimal started on node nonode@nohost
2018-09-23 22:11:17.308 [info] <0.42.0> Application postgrex started on node nonode@nohost
2018-09-23 22:11:17.320 [info] <0.42.0> Application poolboy started on node nonode@nohost
2018-09-23 22:11:17.322 [info] <0.42.0> Application ecto started on node nonode@nohost
2018-09-23 22:11:17.324 [info] <0.42.0> Application phoenix_ecto started on node nonode@nohost
2018-09-23 22:11:17.340 [error] <0.484.0> Supervisor 'Elixir.RockWeb.Supervisor' had child 'Elixir.RockWeb.AmqpProcessor' started with 'Elixir.RockWeb.AmqpProcessor':start_link({name,'Elixir.MessageProcessor'}) at undefined exit with reason {'EXIT',{function_clause,[{'Elixir.GenServer',start_link,['Elixir.RockWeb.AmqpProcessor',[],{name,'Elixir.MessageProcessor'}],[{file,"lib/gen_server.ex"},{line,816}]},{supervisor,do_start_child_i,3,[{file,"supervisor.erl"},{line,379}]},{supervisor,do_start_child,2,[{file,"supervisor.erl"},{line,365}]},{supervisor,'-start_children/2-fun-0-',3,[{file,"supervisor.erl"},{line,349}]},{supervisor,children_map,4,[{file,"supervisor.erl"},{line,1157}]},{supervisor,init_children,2,[{file,"supervisor...."},...]},...]}} in context start_error
2018-09-23 22:11:17.344 [error] <0.482.0> CRASH REPORT Process <0.482.0> with 0 neighbours exited with reason: {{shutdown,{failed_to_start_child,'Elixir.RockWeb.AmqpProcessor',{'EXIT',{function_clause,[{'Elixir.GenServer',start_link,['Elixir.RockWeb.AmqpProcessor',[],{name,'Elixir.MessageProcessor'}],[{file,"lib/gen_server.ex"},{line,816}]},{supervisor,do_start_child_i,3,[{file,"supervisor.erl"},{line,379}]},{supervisor,do_start_child,2,[{file,"supervisor.erl"},{line,365}]},{supervisor,'-start_children/2-fun-0-',3,[{file,"supervisor.erl"},{line,349}]},{supervisor,children_map,4,[{file,"supervisor.e..."},...]},...]}}}},...} in application_master:init/4 line 138
2018-09-23 22:13:03.730 [info] <0.42.0> Application lager started on node nonode@nohost
2018-09-23 22:13:03.734 [info] <0.42.0> Application xmerl started on node nonode@nohost
2018-09-23 22:13:03.736 [info] <0.42.0> Application jsx started on node nonode@nohost
2018-09-23 22:13:03.737 [info] <0.42.0> Application recon started on node nonode@nohost
2018-09-23 22:13:03.737 [info] <0.42.0> Application rabbit_common started on node nonode@nohost
2018-09-23 22:13:03.742 [info] <0.42.0> Application amqp_client started on node nonode@nohost
2018-09-23 22:13:03.742 [info] <0.42.0> Application amqp started on node nonode@nohost
2018-09-23 22:13:03.749 [info] <0.42.0> Application connection started on node nonode@nohost
2018-09-23 22:13:03.762 [info] <0.42.0> Application db_connection started on node nonode@nohost
2018-09-23 22:13:03.765 [info] <0.42.0> Application decimal started on node nonode@nohost
2018-09-23 22:13:03.768 [info] <0.42.0> Application postgrex started on node nonode@nohost
2018-09-23 22:13:03.771 [info] <0.42.0> Application poolboy started on node nonode@nohost
2018-09-23 22:13:03.774 [info] <0.42.0> Application ecto started on node nonode@nohost
2018-09-23 22:13:03.775 [info] <0.42.0> Application phoenix_ecto started on node nonode@nohost
2018-09-23 22:13:03.804 [error] <0.336.0> Supervisor 'Elixir.RockWeb.Supervisor' had child 'Elixir.RockWeb.AmqpProcessor' started with 'Elixir.RockWeb.AmqpProcessor':start_link({name,'Elixir.MessageProcessor'}) at undefined exit with reason {'EXIT',{undef,[{'Elixir.RockWeb.AmqpProcessor',start_link,[{name,'Elixir.MessageProcessor'}],[]},{supervisor,do_start_child_i,3,[{file,"supervisor.erl"},{line,379}]},{supervisor,do_start_child,2,[{file,"supervisor.erl"},{line,365}]},{supervisor,'-start_children/2-fun-0-',3,[{file,"supervisor.erl"},{line,349}]},{supervisor,children_map,4,[{file,"supervisor.erl"},{line,1157}]},{supervisor,init_children,2,[{file,"supervisor.erl"},{line,315}]},{gen_server,init_it,2,[{file,"gen_server.erl"},{line,...}]},...]}} in context start_error
2018-09-23 22:13:03.804 [error] <0.334.0> CRASH REPORT Process <0.334.0> with 0 neighbours exited with reason: {{shutdown,{failed_to_start_child,'Elixir.RockWeb.AmqpProcessor',{'EXIT',{undef,[{'Elixir.RockWeb.AmqpProcessor',start_link,[{name,'Elixir.MessageProcessor'}],[]},{supervisor,do_start_child_i,3,[{file,"supervisor.erl"},{line,379}]},{supervisor,do_start_child,2,[{file,"supervisor.erl"},{line,365}]},{supervisor,'-start_children/2-fun-0-',3,[{file,"supervisor.erl"},{line,349}]},{supervisor,children_map,4,[{file,"supervisor.erl"},{line,1157}]},{supervisor,init_children,2,[{file,"supervisor.erl"},...]},...]}}}},...} in application_master:init/4 line 138
2018-09-23 22:13:17.911 [info] <0.42.0> Application lager started on node nonode@nohost
2018-09-23 22:13:17.915 [info] <0.42.0> Application xmerl started on node nonode@nohost
2018-09-23 22:13:17.920 [info] <0.42.0> Application jsx started on node nonode@nohost
2018-09-23 22:13:17.921 [info] <0.42.0> Application recon started on node nonode@nohost
2018-09-23 22:13:17.921 [info] <0.42.0> Application rabbit_common started on node nonode@nohost
2018-09-23 22:13:17.926 [info] <0.42.0> Application amqp_client started on node nonode@nohost
2018-09-23 22:13:17.926 [info] <0.42.0> Application amqp started on node nonode@nohost
2018-09-23 22:13:17.930 [info] <0.42.0> Application connection started on node nonode@nohost
2018-09-23 22:13:17.936 [info] <0.42.0> Application db_connection started on node nonode@nohost
2018-09-23 22:13:17.937 [info] <0.42.0> Application decimal started on node nonode@nohost
2018-09-23 22:13:17.941 [info] <0.42.0> Application postgrex started on node nonode@nohost
2018-09-23 22:13:17.944 [info] <0.42.0> Application poolboy started on node nonode@nohost
2018-09-23 22:13:17.948 [info] <0.42.0> Application ecto started on node nonode@nohost
2018-09-23 22:13:17.955 [info] <0.42.0> Application phoenix_ecto started on node nonode@nohost
2018-09-23 22:13:17.981 [error] <0.336.0> Supervisor 'Elixir.RockWeb.Supervisor' had child 'Elixir.RockWeb.AmqpProcessor' started with 'Elixir.RockWeb.AmqpProcessor':start_link({name,'Elixir.MessageProcessor'}) at undefined exit with reason {'EXIT',{function_clause,[{'Elixir.GenServer',start_link,['Elixir.RockWeb.AmqpProcessor',[],{name,'Elixir.MessageProcessor'}],[{file,"lib/gen_server.ex"},{line,816}]},{supervisor,do_start_child_i,3,[{file,"supervisor.erl"},{line,379}]},{supervisor,do_start_child,2,[{file,"supervisor.erl"},{line,365}]},{supervisor,'-start_children/2-fun-0-',3,[{file,"supervisor.erl"},{line,349}]},{supervisor,children_map,4,[{file,"supervisor.erl"},{line,1157}]},{supervisor,init_children,2,[{file,"supervisor...."},...]},...]}} in context start_error
2018-09-23 22:13:17.981 [error] <0.334.0> CRASH REPORT Process <0.334.0> with 0 neighbours exited with reason: {{shutdown,{failed_to_start_child,'Elixir.RockWeb.AmqpProcessor',{'EXIT',{function_clause,[{'Elixir.GenServer',start_link,['Elixir.RockWeb.AmqpProcessor',[],{name,'Elixir.MessageProcessor'}],[{file,"lib/gen_server.ex"},{line,816}]},{supervisor,do_start_child_i,3,[{file,"supervisor.erl"},{line,379}]},{supervisor,do_start_child,2,[{file,"supervisor.erl"},{line,365}]},{supervisor,'-start_children/2-fun-0-',3,[{file,"supervisor.erl"},{line,349}]},{supervisor,children_map,4,[{file,"supervisor.e..."},...]},...]}}}},...} in application_master:init/4 line 138
2018-09-23 22:16:12.696 [info] <0.42.0> Application lager started on node nonode@nohost
2018-09-23 22:16:12.704 [info] <0.42.0> Application xmerl started on node nonode@nohost
2018-09-23 22:16:12.707 [info] <0.42.0> Application jsx started on node nonode@nohost
2018-09-23 22:16:12.714 [info] <0.42.0> Application recon started on node nonode@nohost
2018-09-23 22:16:12.715 [info] <0.42.0> Application rabbit_common started on node nonode@nohost
2018-09-23 22:16:12.724 [info] <0.42.0> Application amqp_client started on node nonode@nohost
2018-09-23 22:16:12.725 [info] <0.42.0> Application amqp started on node nonode@nohost
2018-09-23 22:16:12.747 [info] <0.42.0> Application connection started on node nonode@nohost
2018-09-23 22:16:12.768 [info] <0.42.0> Application db_connection started on node nonode@nohost
2018-09-23 22:16:12.771 [info] <0.42.0> Application decimal started on node nonode@nohost
2018-09-23 22:16:12.774 [info] <0.42.0> Application postgrex started on node nonode@nohost
2018-09-23 22:16:12.779 [info] <0.42.0> Application poolboy started on node nonode@nohost
2018-09-23 22:16:12.782 [info] <0.42.0> Application ecto started on node nonode@nohost
2018-09-23 22:16:12.787 [info] <0.42.0> Application phoenix_ecto started on node nonode@nohost
2018-09-23 22:16:12.828 [error] <0.484.0> Supervisor 'Elixir.RockWeb.Supervisor' had child 'Elixir.RockWeb.AmqpProcessor' started with 'Elixir.RockWeb.AmqpProcessor':start_link({name,'Elixir.MessageProcessor'}) at undefined exit with reason {'EXIT',{function_clause,[{'Elixir.GenServer',start_link,['Elixir.RockWeb.AmqpProcessor',[],{name,'Elixir.MessageProcessor'}],[{file,"lib/gen_server.ex"},{line,816}]},{supervisor,do_start_child_i,3,[{file,"supervisor.erl"},{line,379}]},{supervisor,do_start_child,2,[{file,"supervisor.erl"},{line,365}]},{supervisor,'-start_children/2-fun-0-',3,[{file,"supervisor.erl"},{line,349}]},{supervisor,children_map,4,[{file,"supervisor.erl"},{line,1157}]},{supervisor,init_children,2,[{file,"supervisor...."},...]},...]}} in context start_error
2018-09-23 22:16:12.830 [error] <0.482.0> CRASH REPORT Process <0.482.0> with 0 neighbours exited with reason: {{shutdown,{failed_to_start_child,'Elixir.RockWeb.AmqpProcessor',{'EXIT',{function_clause,[{'Elixir.GenServer',start_link,['Elixir.RockWeb.AmqpProcessor',[],{name,'Elixir.MessageProcessor'}],[{file,"lib/gen_server.ex"},{line,816}]},{supervisor,do_start_child_i,3,[{file,"supervisor.erl"},{line,379}]},{supervisor,do_start_child,2,[{file,"supervisor.erl"},{line,365}]},{supervisor,'-start_children/2-fun-0-',3,[{file,"supervisor.erl"},{line,349}]},{supervisor,children_map,4,[{file,"supervisor.e..."},...]},...]}}}},...} in application_master:init/4 line 138
2018-09-23 22:22:24.532 [info] <0.42.0> Application lager started on node nonode@nohost
2018-09-23 22:22:24.536 [info] <0.42.0> Application xmerl started on node nonode@nohost
2018-09-23 22:22:24.538 [info] <0.42.0> Application jsx started on node nonode@nohost
2018-09-23 22:22:24.539 [info] <0.42.0> Application recon started on node nonode@nohost
2018-09-23 22:22:24.539 [info] <0.42.0> Application rabbit_common started on node nonode@nohost
2018-09-23 22:22:24.544 [info] <0.42.0> Application amqp_client started on node nonode@nohost
2018-09-23 22:22:24.544 [info] <0.42.0> Application amqp started on node nonode@nohost
2018-09-23 22:22:24.556 [info] <0.42.0> Application connection started on node nonode@nohost
2018-09-23 22:22:24.561 [info] <0.42.0> Application db_connection started on node nonode@nohost
2018-09-23 22:22:24.563 [info] <0.42.0> Application decimal started on node nonode@nohost
2018-09-23 22:22:24.574 [info] <0.42.0> Application postgrex started on node nonode@nohost
2018-09-23 22:22:24.577 [info] <0.42.0> Application poolboy started on node nonode@nohost
2018-09-23 22:22:24.579 [info] <0.42.0> Application ecto started on node nonode@nohost
2018-09-23 22:22:24.580 [info] <0.42.0> Application phoenix_ecto started on node nonode@nohost
2018-09-23 22:22:24.614 [error] <0.336.0> Supervisor 'Elixir.RockWeb.Supervisor' had child 'Elixir.RockWeb.AmqpProcessor' started with 'Elixir.RockWeb.AmqpProcessor':start_link({name,'Elixir.MessageProcessor'}) at undefined exit with reason {'EXIT',{function_clause,[{'Elixir.GenServer',start_link,['Elixir.RockWeb.AmqpProcessor',[],{name,'Elixir.MessageProcessor'}],[{file,"lib/gen_server.ex"},{line,816}]},{supervisor,do_start_child_i,3,[{file,"supervisor.erl"},{line,379}]},{supervisor,do_start_child,2,[{file,"supervisor.erl"},{line,365}]},{supervisor,'-start_children/2-fun-0-',3,[{file,"supervisor.erl"},{line,349}]},{supervisor,children_map,4,[{file,"supervisor.erl"},{line,1157}]},{supervisor,init_children,2,[{file,"supervisor...."},...]},...]}} in context start_error
2018-09-23 22:22:24.614 [error] <0.334.0> CRASH REPORT Process <0.334.0> with 0 neighbours exited with reason: {{shutdown,{failed_to_start_child,'Elixir.RockWeb.AmqpProcessor',{'EXIT',{function_clause,[{'Elixir.GenServer',start_link,['Elixir.RockWeb.AmqpProcessor',[],{name,'Elixir.MessageProcessor'}],[{file,"lib/gen_server.ex"},{line,816}]},{supervisor,do_start_child_i,3,[{file,"supervisor.erl"},{line,379}]},{supervisor,do_start_child,2,[{file,"supervisor.erl"},{line,365}]},{supervisor,'-start_children/2-fun-0-',3,[{file,"supervisor.erl"},{line,349}]},{supervisor,children_map,4,[{file,"supervisor.e..."},...]},...]}}}},...} in application_master:init/4 line 138
2018-09-23 22:24:37.744 [info] <0.42.0> Application lager started on node nonode@nohost
2018-09-23 22:24:37.752 [info] <0.42.0> Application xmerl started on node nonode@nohost
2018-09-23 22:24:37.755 [info] <0.42.0> Application jsx started on node nonode@nohost
2018-09-23 22:24:37.757 [info] <0.42.0> Application recon started on node nonode@nohost
2018-09-23 22:24:37.758 [info] <0.42.0> Application rabbit_common started on node nonode@nohost
2018-09-23 22:24:37.765 [info] <0.42.0> Application amqp_client started on node nonode@nohost
2018-09-23 22:24:37.765 [info] <0.42.0> Application amqp started on node nonode@nohost
2018-09-23 22:24:37.772 [info] <0.42.0> Application connection started on node nonode@nohost
2018-09-23 22:24:37.796 [info] <0.42.0> Application db_connection started on node nonode@nohost
2018-09-23 22:24:37.800 [info] <0.42.0> Application decimal started on node nonode@nohost
2018-09-23 22:24:37.806 [info] <0.42.0> Application postgrex started on node nonode@nohost
2018-09-23 22:24:37.817 [info] <0.42.0> Application poolboy started on node nonode@nohost
2018-09-23 22:24:37.824 [info] <0.42.0> Application ecto started on node nonode@nohost
2018-09-23 22:24:37.826 [info] <0.42.0> Application phoenix_ecto started on node nonode@nohost
2018-09-23 22:24:38.170 [warning] <0.384.0> Setting Ranch options together with socket options is deprecated. Please use the new map syntax that allows specifying socket options separately from other options.
2018-09-23 22:24:39.021 [warning] <0.291.0> lager_error_logger_h dropped 42 messages in the last second that exceeded the limit of 50 messages/sec
2018-09-23 22:29:47.906 [error] <0.537.0> Ranch listener 'Elixir.RockWebWeb.Endpoint.HTTP' terminated with reason: {{undef,[{'Elixir.RockWeb.ChatChannel','__socket__',[private],[]},{'Elixir.Phoenix.Socket.Transport',build_channel_socket,5,[{file,"lib/phoenix/socket/transport.ex"},{line,261}]},{'Elixir.Phoenix.Socket.Transport',do_dispatch,3,[{file,"lib/phoenix/socket/transport.ex"},{line,267}]},{'Elixir.Phoenix.Transports.WebSocket',ws_handle,3,[{file,"lib/phoenix/transports/websocket.ex"},{line,123}]},{'Elixir.Phoenix.Endpoint.CowboyWebSocket',websocket_handle,3,[{file,"lib/phoenix/endpoint/cowboy_web..."},...]},...]},...}
2018-09-23 22:29:50.928 [error] <0.542.0> Ranch listener 'Elixir.RockWebWeb.Endpoint.HTTP' terminated with reason: {{undef,[{'Elixir.RockWeb.ChatChannel','__socket__',[private],[]},{'Elixir.Phoenix.Socket.Transport',build_channel_socket,5,[{file,"lib/phoenix/socket/transport.ex"},{line,261}]},{'Elixir.Phoenix.Socket.Transport',do_dispatch,3,[{file,"lib/phoenix/socket/transport.ex"},{line,267}]},{'Elixir.Phoenix.Transports.WebSocket',ws_handle,3,[{file,"lib/phoenix/transports/websocket.ex"},{line,123}]},{'Elixir.Phoenix.Endpoint.CowboyWebSocket',websocket_handle,3,[{file,"lib/phoenix/endpoint/cowboy_web..."},...]},...]},...}
2018-09-23 22:29:55.933 [error] <0.544.0> Ranch listener 'Elixir.RockWebWeb.Endpoint.HTTP' terminated with reason: {{undef,[{'Elixir.RockWeb.ChatChannel','__socket__',[private],[]},{'Elixir.Phoenix.Socket.Transport',build_channel_socket,5,[{file,"lib/phoenix/socket/transport.ex"},{line,261}]},{'Elixir.Phoenix.Socket.Transport',do_dispatch,3,[{file,"lib/phoenix/socket/transport.ex"},{line,267}]},{'Elixir.Phoenix.Transports.WebSocket',ws_handle,3,[{file,"lib/phoenix/transports/websocket.ex"},{line,123}]},{'Elixir.Phoenix.Endpoint.CowboyWebSocket',websocket_handle,3,[{file,"lib/phoenix/endpoint/cowboy_web..."},...]},...]},...}
2018-09-23 22:30:05.937 [error] <0.546.0> Ranch listener 'Elixir.RockWebWeb.Endpoint.HTTP' terminated with reason: {{undef,[{'Elixir.RockWeb.ChatChannel','__socket__',[private],[]},{'Elixir.Phoenix.Socket.Transport',build_channel_socket,5,[{file,"lib/phoenix/socket/transport.ex"},{line,261}]},{'Elixir.Phoenix.Socket.Transport',do_dispatch,3,[{file,"lib/phoenix/socket/transport.ex"},{line,267}]},{'Elixir.Phoenix.Transports.WebSocket',ws_handle,3,[{file,"lib/phoenix/transports/websocket.ex"},{line,123}]},{'Elixir.Phoenix.Endpoint.CowboyWebSocket',websocket_handle,3,[{file,"lib/phoenix/endpoint/cowboy_web..."},...]},...]},...}
2018-09-23 22:30:15.939 [error] <0.548.0> Ranch listener 'Elixir.RockWebWeb.Endpoint.HTTP' terminated with reason: {{undef,[{'Elixir.RockWeb.ChatChannel','__socket__',[private],[]},{'Elixir.Phoenix.Socket.Transport',build_channel_socket,5,[{file,"lib/phoenix/socket/transport.ex"},{line,261}]},{'Elixir.Phoenix.Socket.Transport',do_dispatch,3,[{file,"lib/phoenix/socket/transport.ex"},{line,267}]},{'Elixir.Phoenix.Transports.WebSocket',ws_handle,3,[{file,"lib/phoenix/transports/websocket.ex"},{line,123}]},{'Elixir.Phoenix.Endpoint.CowboyWebSocket',websocket_handle,3,[{file,"lib/phoenix/endpoint/cowboy_web..."},...]},...]},...}
2018-09-23 22:30:25.942 [error] <0.550.0> Ranch listener 'Elixir.RockWebWeb.Endpoint.HTTP' terminated with reason: {{undef,[{'Elixir.RockWeb.ChatChannel','__socket__',[private],[]},{'Elixir.Phoenix.Socket.Transport',build_channel_socket,5,[{file,"lib/phoenix/socket/transport.ex"},{line,261}]},{'Elixir.Phoenix.Socket.Transport',do_dispatch,3,[{file,"lib/phoenix/socket/transport.ex"},{line,267}]},{'Elixir.Phoenix.Transports.WebSocket',ws_handle,3,[{file,"lib/phoenix/transports/websocket.ex"},{line,123}]},{'Elixir.Phoenix.Endpoint.CowboyWebSocket',websocket_handle,3,[{file,"lib/phoenix/endpoint/cowboy_web..."},...]},...]},...}
2018-09-23 22:30:35.945 [error] <0.552.0> Ranch listener 'Elixir.RockWebWeb.Endpoint.HTTP' terminated with reason: {{undef,[{'Elixir.RockWeb.ChatChannel','__socket__',[private],[]},{'Elixir.Phoenix.Socket.Transport',build_channel_socket,5,[{file,"lib/phoenix/socket/transport.ex"},{line,261}]},{'Elixir.Phoenix.Socket.Transport',do_dispatch,3,[{file,"lib/phoenix/socket/transport.ex"},{line,267}]},{'Elixir.Phoenix.Transports.WebSocket',ws_handle,3,[{file,"lib/phoenix/transports/websocket.ex"},{line,123}]},{'Elixir.Phoenix.Endpoint.CowboyWebSocket',websocket_handle,3,[{file,"lib/phoenix/endpoint/cowboy_web..."},...]},...]},...}
2018-09-23 22:30:45.947 [error] <0.554.0> Ranch listener 'Elixir.RockWebWeb.Endpoint.HTTP' terminated with reason: {{undef,[{'Elixir.RockWeb.ChatChannel','__socket__',[private],[]},{'Elixir.Phoenix.Socket.Transport',build_channel_socket,5,[{file,"lib/phoenix/socket/transport.ex"},{line,261}]},{'Elixir.Phoenix.Socket.Transport',do_dispatch,3,[{file,"lib/phoenix/socket/transport.ex"},{line,267}]},{'Elixir.Phoenix.Transports.WebSocket',ws_handle,3,[{file,"lib/phoenix/transports/websocket.ex"},{line,123}]},{'Elixir.Phoenix.Endpoint.CowboyWebSocket',websocket_handle,3,[{file,"lib/phoenix/endpoint/cowboy_web..."},...]},...]},...}
2018-09-23 22:30:55.950 [error] <0.557.0> Ranch listener 'Elixir.RockWebWeb.Endpoint.HTTP' terminated with reason: {{undef,[{'Elixir.RockWeb.ChatChannel','__socket__',[private],[]},{'Elixir.Phoenix.Socket.Transport',build_channel_socket,5,[{file,"lib/phoenix/socket/transport.ex"},{line,261}]},{'Elixir.Phoenix.Socket.Transport',do_dispatch,3,[{file,"lib/phoenix/socket/transport.ex"},{line,267}]},{'Elixir.Phoenix.Transports.WebSocket',ws_handle,3,[{file,"lib/phoenix/transports/websocket.ex"},{line,123}]},{'Elixir.Phoenix.Endpoint.CowboyWebSocket',websocket_handle,3,[{file,"lib/phoenix/endpoint/cowboy_web..."},...]},...]},...}
2018-09-23 22:31:05.954 [error] <0.559.0> Ranch listener 'Elixir.RockWebWeb.Endpoint.HTTP' terminated with reason: {{undef,[{'Elixir.RockWeb.ChatChannel','__socket__',[private],[]},{'Elixir.Phoenix.Socket.Transport',build_channel_socket,5,[{file,"lib/phoenix/socket/transport.ex"},{line,261}]},{'Elixir.Phoenix.Socket.Transport',do_dispatch,3,[{file,"lib/phoenix/socket/transport.ex"},{line,267}]},{'Elixir.Phoenix.Transports.WebSocket',ws_handle,3,[{file,"lib/phoenix/transports/websocket.ex"},{line,123}]},{'Elixir.Phoenix.Endpoint.CowboyWebSocket',websocket_handle,3,[{file,"lib/phoenix/endpoint/cowboy_web..."},...]},...]},...}
2018-09-23 22:31:15.957 [error] <0.561.0> Ranch listener 'Elixir.RockWebWeb.Endpoint.HTTP' terminated with reason: {{undef,[{'Elixir.RockWeb.ChatChannel','__socket__',[private],[]},{'Elixir.Phoenix.Socket.Transport',build_channel_socket,5,[{file,"lib/phoenix/socket/transport.ex"},{line,261}]},{'Elixir.Phoenix.Socket.Transport',do_dispatch,3,[{file,"lib/phoenix/socket/transport.ex"},{line,267}]},{'Elixir.Phoenix.Transports.WebSocket',ws_handle,3,[{file,"lib/phoenix/transports/websocket.ex"},{line,123}]},{'Elixir.Phoenix.Endpoint.CowboyWebSocket',websocket_handle,3,[{file,"lib/phoenix/endpoint/cowboy_web..."},...]},...]},...}
2018-09-23 22:31:21.138 [info] <0.42.0> Application lager started on node nonode@nohost
2018-09-23 22:31:21.141 [info] <0.42.0> Application xmerl started on node nonode@nohost
2018-09-23 22:31:21.144 [info] <0.42.0> Application jsx started on node nonode@nohost
2018-09-23 22:31:21.145 [info] <0.42.0> Application recon started on node nonode@nohost
2018-09-23 22:31:21.145 [info] <0.42.0> Application rabbit_common started on node nonode@nohost
2018-09-23 22:31:21.150 [info] <0.42.0> Application amqp_client started on node nonode@nohost
2018-09-23 22:31:21.150 [info] <0.42.0> Application amqp started on node nonode@nohost
2018-09-23 22:31:21.165 [info] <0.42.0> Application connection started on node nonode@nohost
2018-09-23 22:31:21.184 [info] <0.42.0> Application db_connection started on node nonode@nohost
2018-09-23 22:31:21.185 [info] <0.42.0> Application decimal started on node nonode@nohost
2018-09-23 22:31:21.189 [info] <0.42.0> Application postgrex started on node nonode@nohost
2018-09-23 22:31:21.191 [info] <0.42.0> Application poolboy started on node nonode@nohost
2018-09-23 22:31:21.194 [info] <0.42.0> Application ecto started on node nonode@nohost
2018-09-23 22:31:21.195 [info] <0.42.0> Application phoenix_ecto started on node nonode@nohost
2018-09-23 22:31:22.253 [warning] <0.278.0> lager_error_logger_h dropped 96 messages in the last second that exceeded the limit of 50 messages/sec
